#
# There is insufficient memory for the Java Runtime Environment to continue.
# Native memory allocation (mmap) failed to map 261095424 bytes for committing reserved memory.
# Possible reasons:
#   The system is out of physical RAM or swap space
#   In 32 bit mode, the process size limit was hit
# Possible solutions:
#   Reduce memory load on the system
#   Increase physical memory or swap space
#   Check if swap backing store is full
#   Use 64 bit Java on a 64 bit OS
#   Decrease Java heap size (-Xmx/-Xms)
#   Decrease number of Java threads
#   Decrease Java thread stack sizes (-Xss)
#   Set larger code cache with -XX:ReservedCodeCacheSize=
# This output file may be truncated or incomplete.
#
#  Out of Memory Error (os_linux.cpp:2627), pid=29011, tid=140530305427200
#
# JRE version: Java(TM) SE Runtime Environment (8.0_91-b14) (build 1.8.0_91-b14)
# Java VM: Java HotSpot(TM) 64-Bit Server VM (25.91-b14 mixed mode linux-amd64 compressed oops)
# Failed to write core dump. Core dumps have been disabled. To enable core dumping, try "ulimit -c unlimited" before starting Java again
#

---------------  T H R E A D  ---------------

Current thread (0x00007fcfe813e800):  VMThread [stack: 0x00007fcfc2df6000,0x00007fcfc2ef7000] [id=29017]

Stack: [0x00007fcfc2df6000,0x00007fcfc2ef7000],  sp=0x00007fcfc2ef4fa0,  free space=1019k
Native frames: (J=compiled Java code, j=interpreted, Vv=VM code, C=native code)
V  [libjvm.so+0xabc18a]  VMError::report_and_die()+0x2ba
V  [libjvm.so+0x4fafeb]  report_vm_out_of_memory(char const*, int, unsigned long, VMErrorType, char const*)+0x8b
V  [libjvm.so+0x91cbb3]  os::Linux::commit_memory_impl(char*, unsigned long, bool)+0x103
V  [libjvm.so+0x91d109]  os::pd_commit_memory(char*, unsigned long, unsigned long, bool)+0x29
V  [libjvm.so+0x91740a]  os::commit_memory(char*, unsigned long, unsigned long, bool)+0x2a
V  [libjvm.so+0x98b033]  PSVirtualSpace::expand_by(unsigned long)+0x53
V  [libjvm.so+0x98c438]  PSYoungGen::resize_generation(unsigned long, unsigned long)+0xf8
V  [libjvm.so+0x98b592]  PSYoungGen::resize(unsigned long, unsigned long)+0x22
V  [libjvm.so+0x98886b]  PSScavenge::invoke_no_policy()+0xf3b
V  [libjvm.so+0x988ff1]  PSScavenge::invoke()+0x41
V  [libjvm.so+0x9408b0]  ParallelScavengeHeap::failed_mem_allocate(unsigned long)+0x70
V  [libjvm.so+0xabdba7]  VM_ParallelGCFailedAllocation::doit()+0x97
V  [libjvm.so+0xac55d5]  VM_Operation::evaluate()+0x55
V  [libjvm.so+0xac39aa]  VMThread::evaluate_operation(VM_Operation*)+0xba
V  [libjvm.so+0xac3d2e]  VMThread::loop()+0x1ce
V  [libjvm.so+0xac41a0]  VMThread::run()+0x70
V  [libjvm.so+0x91ef78]  java_start(Thread*)+0x108

VM_Operation (0x00007fcfef8bf760): ParallelGCFailedAllocation, mode: safepoint, requested by thread 0x00007fcfe8009800


---------------  P R O C E S S  ---------------

Java Threads: ( => current thread )
  0x00007fcfe8281000 JavaThread "Thread-0" [_thread_in_native, id=29028, stack(0x00007fcfc192c000,0x00007fcfc1a2d000)]
  0x00007fcfe827c800 JavaThread "process reaper" daemon [_thread_blocked, id=29027, stack(0x00007fcfd807b000,0x00007fcfd80b4000)]
  0x00007fcfe81a1800 JavaThread "Service Thread" daemon [_thread_blocked, id=29024, stack(0x00007fcfc1d30000,0x00007fcfc1e31000)]
  0x00007fcfe8184000 JavaThread "C1 CompilerThread2" daemon [_thread_blocked, id=29023, stack(0x00007fcfc1e31000,0x00007fcfc1f32000)]
  0x00007fcfe8182800 JavaThread "C2 CompilerThread1" daemon [_thread_blocked, id=29022, stack(0x00007fcfc1f32000,0x00007fcfc2033000)]
  0x00007fcfe817f800 JavaThread "C2 CompilerThread0" daemon [_thread_blocked, id=29021, stack(0x00007fcfc2033000,0x00007fcfc2134000)]
  0x00007fcfe817e000 JavaThread "Signal Dispatcher" daemon [_thread_blocked, id=29020, stack(0x00007fcfc2134000,0x00007fcfc2235000)]
  0x00007fcfe814a800 JavaThread "Finalizer" daemon [_thread_blocked, id=29019, stack(0x00007fcfc2bf4000,0x00007fcfc2cf5000)]
  0x00007fcfe8146000 JavaThread "Reference Handler" daemon [_thread_blocked, id=29018, stack(0x00007fcfc2cf5000,0x00007fcfc2df6000)]
  0x00007fcfe8009800 JavaThread "main" [_thread_blocked, id=29012, stack(0x00007fcfef7c0000,0x00007fcfef8c1000)]

Other Threads:
=>0x00007fcfe813e800 VMThread [stack: 0x00007fcfc2df6000,0x00007fcfc2ef7000] [id=29017]
  0x00007fcfe81a4000 WatcherThread [stack: 0x00007fcfc1c2f000,0x00007fcfc1d30000] [id=29025]

VM state:at safepoint (normal execution)

VM Mutex/Monitor currently owned by a thread:  ([mutex/lock_event])
[0x00007fcfe8005d80] Threads_lock - owner thread: 0x00007fcfe813e800
[0x00007fcfe8006280] Heap_lock - owner thread: 0x00007fcfe8009800

Heap:
 PSYoungGen      total 255488K, used 32K [0x00000000d6f00000, 0x00000000e6a00000, 0x0000000100000000)
  eden space 253952K, 0% used [0x00000000d6f00000,0x00000000d6f00000,0x00000000e6700000)
  from space 1536K, 2% used [0x00000000e6700000,0x00000000e6708000,0x00000000e6880000)
  to   space 1536K, 0% used [0x00000000e6880000,0x00000000e6880000,0x00000000e6a00000)
 ParOldGen       total 84992K, used 936K [0x0000000084c00000, 0x0000000089f00000, 0x00000000d6f00000)
  object space 84992K, 1% used [0x0000000084c00000,0x0000000084cea090,0x0000000089f00000)
 Metaspace       used 6183K, capacity 6412K, committed 6528K, reserved 1056768K
  class space    used 707K, capacity 792K, committed 896K, reserved 1048576K

Card table byte_map: [0x00007fcfec19e000,0x00007fcfec579000] byte_map_base: 0x00007fcfebd78000

Marking Bits: (ParMarkBitMap*) 0x00007fcfeec96d60
 Begin Bits: [0x00007fcfd0260000, 0x00007fcfd2130000)
 End Bits:   [0x00007fcfd2130000, 0x00007fcfd4000000)

Polling page: 0x00007fcfef8e5000

CodeCache: size=245760Kb used=2085Kb max_used=2098Kb free=243674Kb
 bounds [0x00007fcfd9000000, 0x00007fcfd9270000, 0x00007fcfe8000000]
 total_blobs=816 nmethods=513 adapters=217
 compilation: enabled

Compilation events (10 events):
Event: 0.357 Thread 0x00007fcfe8184000  509 %     3       com.mitch.gamem.Main::<init> @ 65 (81 bytes)
Event: 0.358 Thread 0x00007fcfe8184000 nmethod 509% 0x00007fcfd9208910 code [0x00007fcfd9208b60, 0x00007fcfd9209828]
Event: 0.358 Thread 0x00007fcfe8184000  510       3       com.mitch.gamem.Main::<init> (81 bytes)
Event: 0.359 Thread 0x00007fcfe8184000 nmethod 510 0x00007fcfd91f9890 code [0x00007fcfd91f9ae0, 0x00007fcfd91fa768]
Event: 0.372 Thread 0x00007fcfe8184000  511       3       sun.misc.VM::addFinalRefCount (24 bytes)
Event: 0.372 Thread 0x00007fcfe8184000 nmethod 511 0x00007fcfd91f90d0 code [0x00007fcfd91f9240, 0x00007fcfd91f93f0]
Event: 0.372 Thread 0x00007fcfe8184000  512   !   3       java.util.zip.ZipFile$ZipFileInputStream::close (110 bytes)
Event: 0.373 Thread 0x00007fcfe8184000 nmethod 512 0x00007fcfd9207bd0 code [0x00007fcfd9207d80, 0x00007fcfd9208598]
Event: 0.379 Thread 0x00007fcfe817f800  513 %     4       com.mitch.gamem.Main::<init> @ 65 (81 bytes)
Event: 0.390 Thread 0x00007fcfe817f800 nmethod 513% 0x00007fcfd920d510 code [0x00007fcfd920d720, 0x00007fcfd920dec8]

GC Heap History (10 events):
Event: 0.413 GC heap after
Heap after GC invocations=2 (full 0):
 PSYoungGen      total 68608K, used 992K [0x00000000d6f00000, 0x00000000db700000, 0x0000000100000000)
  eden space 63488K, 0% used [0x00000000d6f00000,0x00000000d6f00000,0x00000000dad00000)
  from space 5120K, 19% used [0x00000000db200000,0x00000000db2f8020,0x00000000db700000)
  to   space 5120K, 0% used [0x00000000dad00000,0x00000000dad00000,0x00000000db200000)
 ParOldGen       total 84992K, used 16K [0x0000000084c00000, 0x0000000089f00000, 0x00000000d6f00000)
  object space 84992K, 0% used [0x0000000084c00000,0x0000000084c04000,0x0000000089f00000)
 Metaspace       used 6183K, capacity 6412K, committed 6528K, reserved 1056768K
  class space    used 707K, capacity 792K, committed 896K, reserved 1048576K
}
Event: 0.526 GC heap before
{Heap before GC invocations=3 (full 0):
 PSYoungGen      total 68608K, used 64480K [0x00000000d6f00000, 0x00000000db700000, 0x0000000100000000)
  eden space 63488K, 100% used [0x00000000d6f00000,0x00000000dad00000,0x00000000dad00000)
  from space 5120K, 19% used [0x00000000db200000,0x00000000db2f8020,0x00000000db700000)
  to   space 5120K, 0% used [0x00000000dad00000,0x00000000dad00000,0x00000000db200000)
 ParOldGen       total 84992K, used 16K [0x0000000084c00000, 0x0000000089f00000, 0x00000000d6f00000)
  object space 84992K, 0% used [0x0000000084c00000,0x0000000084c04000,0x0000000089f00000)
 Metaspace       used 6183K, capacity 6412K, committed 6528K, reserved 1056768K
  class space    used 707K, capacity 792K, committed 896K, reserved 1048576K
Event: 0.528 GC heap after
Heap after GC invocations=3 (full 0):
 PSYoungGen      total 68608K, used 960K [0x00000000d6f00000, 0x00000000df500000, 0x0000000100000000)
  eden space 63488K, 0% used [0x00000000d6f00000,0x00000000d6f00000,0x00000000dad00000)
  from space 5120K, 18% used [0x00000000dad00000,0x00000000dadf0000,0x00000000db200000)
  to   space 5120K, 0% used [0x00000000df000000,0x00000000df000000,0x00000000df500000)
 ParOldGen       total 84992K, used 24K [0x0000000084c00000, 0x0000000089f00000, 0x00000000d6f00000)
  object space 84992K, 0% used [0x0000000084c00000,0x0000000084c06000,0x0000000089f00000)
 Metaspace       used 6183K, capacity 6412K, committed 6528K, reserved 1056768K
  class space    used 707K, capacity 792K, committed 896K, reserved 1048576K
}
Event: 0.595 GC heap before
{Heap before GC invocations=4 (full 0):
 PSYoungGen      total 68608K, used 64448K [0x00000000d6f00000, 0x00000000df500000, 0x0000000100000000)
  eden space 63488K, 100% used [0x00000000d6f00000,0x00000000dad00000,0x00000000dad00000)
  from space 5120K, 18% used [0x00000000dad00000,0x00000000dadf0000,0x00000000db200000)
  to   space 5120K, 0% used [0x00000000df000000,0x00000000df000000,0x00000000df500000)
 ParOldGen       total 84992K, used 24K [0x0000000084c00000, 0x0000000089f00000, 0x00000000d6f00000)
  object space 84992K, 0% used [0x0000000084c00000,0x0000000084c06000,0x0000000089f00000)
 Metaspace       used 6183K, capacity 6412K, committed 6528K, reserved 1056768K
  class space    used 707K, capacity 792K, committed 896K, reserved 1048576K
Event: 0.600 GC heap after
Heap after GC invocations=4 (full 0):
 PSYoungGen      total 132096K, used 1008K [0x00000000d6f00000, 0x00000000df500000, 0x0000000100000000)
  eden space 126976K, 0% used [0x00000000d6f00000,0x00000000d6f00000,0x00000000deb00000)
  from space 5120K, 19% used [0x00000000df000000,0x00000000df0fc030,0x00000000df500000)
  to   space 5120K, 0% used [0x00000000deb00000,0x00000000deb00000,0x00000000df000000)
 ParOldGen       total 84992K, used 24K [0x0000000084c00000, 0x0000000089f00000, 0x00000000d6f00000)
  object space 84992K, 0% used [0x0000000084c00000,0x0000000084c06000,0x0000000089f00000)
 Metaspace       used 6183K, capacity 6412K, committed 6528K, reserved 1056768K
  class space    used 707K, capacity 792K, committed 896K, reserved 1048576K
}
Event: 0.778 GC heap before
{Heap before GC invocations=5 (full 0):
 PSYoungGen      total 132096K, used 127984K [0x00000000d6f00000, 0x00000000df500000, 0x0000000100000000)
  eden space 126976K, 100% used [0x00000000d6f00000,0x00000000deb00000,0x00000000deb00000)
  from space 5120K, 19% used [0x00000000df000000,0x00000000df0fc030,0x00000000df500000)
  to   space 5120K, 0% used [0x00000000deb00000,0x00000000deb00000,0x00000000df000000)
 ParOldGen       total 84992K, used 24K [0x0000000084c00000, 0x0000000089f00000, 0x00000000d6f00000)
  object space 84992K, 0% used [0x0000000084c00000,0x0000000084c06000,0x0000000089f00000)
 Metaspace       used 6183K, capacity 6412K, committed 6528K, reserved 1056768K
  class space    used 707K, capacity 792K, committed 896K, reserved 1048576K
Event: 0.779 GC heap after
Heap after GC invocations=5 (full 0):
 PSYoungGen      total 132096K, used 928K [0x00000000d6f00000, 0x00000000e6a00000, 0x0000000100000000)
  eden space 126976K, 0% used [0x00000000d6f00000,0x00000000d6f00000,0x00000000deb00000)
  from space 5120K, 18% used [0x00000000deb00000,0x00000000debe8020,0x00000000df000000)
  to   space 1536K, 0% used [0x00000000e6880000,0x00000000e6880000,0x00000000e6a00000)
 ParOldGen       total 84992K, used 32K [0x0000000084c00000, 0x0000000089f00000, 0x00000000d6f00000)
  object space 84992K, 0% used [0x0000000084c00000,0x0000000084c08000,0x0000000089f00000)
 Metaspace       used 6183K, capacity 6412K, committed 6528K, reserved 1056768K
  class space    used 707K, capacity 792K, committed 896K, reserved 1048576K
}
Event: 0.919 GC heap before
{Heap before GC invocations=6 (full 0):
 PSYoungGen      total 132096K, used 127904K [0x00000000d6f00000, 0x00000000e6a00000, 0x0000000100000000)
  eden space 126976K, 100% used [0x00000000d6f00000,0x00000000deb00000,0x00000000deb00000)
  from space 5120K, 18% used [0x00000000deb00000,0x00000000debe8020,0x00000000df000000)
  to   space 1536K, 0% used [0x00000000e6880000,0x00000000e6880000,0x00000000e6a00000)
 ParOldGen       total 84992K, used 32K [0x0000000084c00000, 0x0000000089f00000, 0x00000000d6f00000)
  object space 84992K, 0% used [0x0000000084c00000,0x0000000084c08000,0x0000000089f00000)
 Metaspace       used 6183K, capacity 6412K, committed 6528K, reserved 1056768K
  class space    used 707K, capacity 792K, committed 896K, reserved 1048576K
Event: 0.921 GC heap after
Heap after GC invocations=6 (full 0):
 PSYoungGen      total 255488K, used 944K [0x00000000d6f00000, 0x00000000e6a00000, 0x0000000100000000)
  eden space 253952K, 0% used [0x00000000d6f00000,0x00000000d6f00000,0x00000000e6700000)
  from space 1536K, 61% used [0x00000000e6880000,0x00000000e696c030,0x00000000e6a00000)
  to   space 1536K, 0% used [0x00000000e6700000,0x00000000e6700000,0x00000000e6880000)
 ParOldGen       total 84992K, used 32K [0x0000000084c00000, 0x0000000089f00000, 0x00000000d6f00000)
  object space 84992K, 0% used [0x0000000084c00000,0x0000000084c08000,0x0000000089f00000)
 Metaspace       used 6183K, capacity 6412K, committed 6528K, reserved 1056768K
  class space    used 707K, capacity 792K, committed 896K, reserved 1048576K
}
Event: 1.276 GC heap before
{Heap before GC invocations=7 (full 0):
 PSYoungGen      total 255488K, used 254896K [0x00000000d6f00000, 0x00000000e6a00000, 0x0000000100000000)
  eden space 253952K, 100% used [0x00000000d6f00000,0x00000000e6700000,0x00000000e6700000)
  from space 1536K, 61% used [0x00000000e6880000,0x00000000e696c030,0x00000000e6a00000)
  to   space 1536K, 0% used [0x00000000e6700000,0x00000000e6700000,0x00000000e6880000)
 ParOldGen       total 84992K, used 32K [0x0000000084c00000, 0x0000000089f00000, 0x00000000d6f00000)
  object space 84992K, 0% used [0x0000000084c00000,0x0000000084c08000,0x0000000089f00000)
 Metaspace       used 6183K, capacity 6412K, committed 6528K, reserved 1056768K
  class space    used 707K, capacity 792K, committed 896K, reserved 1048576K

Deoptimization events (0 events):
No events

Internal exceptions (10 events):
Event: 0.035 Thread 0x00007fcfe8009800 Exception <a 'java/lang/NoSuchMethodError': Method sun.misc.Unsafe.prefetchRead(Ljava/lang/Object;J)V name or signature does not match> (0x00000000d6f07fa8) thrown at [/HUDSON/workspace/8-2-build-linux-amd64/jdk8u91/6644/hotspot/src/share/vm/prims/jni.cpp
Event: 0.130 Thread 0x00007fcfe8009800 Exception <a 'java/lang/NoSuchFieldError': method resolution failed> (0x00000000d70ef3a8) thrown at [/HUDSON/workspace/8-2-build-linux-amd64/jdk8u91/6644/hotspot/src/share/vm/prims/methodHandles.cpp, line 1146]
Event: 0.132 Thread 0x00007fcfe8009800 Exception <a 'java/lang/NoSuchFieldError': method resolution failed> (0x00000000d70fc7a8) thrown at [/HUDSON/workspace/8-2-build-linux-amd64/jdk8u91/6644/hotspot/src/share/vm/prims/methodHandles.cpp, line 1146]
Event: 0.160 Thread 0x00007fcfe8009800 Exception <a 'java/security/PrivilegedActionException'> (0x00000000d71c18e8) thrown at [/HUDSON/workspace/8-2-build-linux-amd64/jdk8u91/6644/hotspot/src/share/vm/prims/jvm.cpp, line 1386]
Event: 0.160 Thread 0x00007fcfe8009800 Exception <a 'java/security/PrivilegedActionException'> (0x00000000d71c1af8) thrown at [/HUDSON/workspace/8-2-build-linux-amd64/jdk8u91/6644/hotspot/src/share/vm/prims/jvm.cpp, line 1386]
Event: 0.160 Thread 0x00007fcfe8009800 Exception <a 'java/security/PrivilegedActionException'> (0x00000000d71c3f38) thrown at [/HUDSON/workspace/8-2-build-linux-amd64/jdk8u91/6644/hotspot/src/share/vm/prims/jvm.cpp, line 1386]
Event: 0.160 Thread 0x00007fcfe8009800 Exception <a 'java/security/PrivilegedActionException'> (0x00000000d71c4148) thrown at [/HUDSON/workspace/8-2-build-linux-amd64/jdk8u91/6644/hotspot/src/share/vm/prims/jvm.cpp, line 1386]
Event: 0.255 Thread 0x00007fcfe8281000 Exception <a 'java/io/FileNotFoundException'> (0x00000000d73a4c10) thrown at [/HUDSON/workspace/8-2-build-linux-amd64/jdk8u91/6644/hotspot/src/share/vm/prims/jni.cpp, line 709]
Event: 0.255 Thread 0x00007fcfe8281000 Exception <a 'java/io/FileNotFoundException'> (0x00000000d73a55c0) thrown at [/HUDSON/workspace/8-2-build-linux-amd64/jdk8u91/6644/hotspot/src/share/vm/prims/jni.cpp, line 709]
Event: 0.301 Thread 0x00007fcfe8281000 Exception <a 'java/lang/NullPointerException'> (0x00000000d74d88a8) thrown at [/HUDSON/workspace/8-2-build-linux-amd64/jdk8u91/6644/hotspot/src/share/vm/interpreter/linkResolver.cpp, line 1178]

Events (10 events):
Event: 0.413 Executing VM operation: ParallelGCFailedAllocation done
Event: 0.526 Executing VM operation: ParallelGCFailedAllocation
Event: 0.528 Executing VM operation: ParallelGCFailedAllocation done
Event: 0.595 Executing VM operation: ParallelGCFailedAllocation
Event: 0.600 Executing VM operation: ParallelGCFailedAllocation done
Event: 0.778 Executing VM operation: ParallelGCFailedAllocation
Event: 0.779 Executing VM operation: ParallelGCFailedAllocation done
Event: 0.919 Executing VM operation: ParallelGCFailedAllocation
Event: 0.922 Executing VM operation: ParallelGCFailedAllocation done
Event: 1.275 Executing VM operation: ParallelGCFailedAllocation


Dynamic libraries:
00400000-00401000 r-xp 00000000 08:04 406838                             /usr/lib/jvm/java-8-oracle/jre/bin/java
00600000-00601000 rw-p 00000000 08:04 406838                             /usr/lib/jvm/java-8-oracle/jre/bin/java
0254a000-0256b000 rw-p 00000000 00:00 0                                  [heap]
84c00000-89f00000 rw-p 00000000 00:00 0 
89f00000-d6f00000 ---p 00000000 00:00 0 
d6f00000-e6a00000 rw-p 00000000 00:00 0 
f6300000-100000000 ---p 00000000 00:00 0 
100000000-1000e0000 rw-p 00000000 00:00 0 
1000e0000-140000000 ---p 00000000 00:00 0 
7fcf94000000-7fcf9428c000 rw-p 00000000 00:00 0 
7fcf9428c000-7fcf98000000 ---p 00000000 00:00 0 
7fcf98000000-7fcf9807d000 rw-p 00000000 00:00 0 
7fcf9807d000-7fcf9c000000 ---p 00000000 00:00 0 
7fcf9c000000-7fcf9c021000 rw-p 00000000 00:00 0 
7fcf9c021000-7fcfa0000000 ---p 00000000 00:00 0 
7fcfa0000000-7fcfa0021000 rw-p 00000000 00:00 0 
7fcfa0021000-7fcfa4000000 ---p 00000000 00:00 0 
7fcfa4000000-7fcfa416e000 rw-p 00000000 00:00 0 
7fcfa416e000-7fcfa8000000 ---p 00000000 00:00 0 
7fcfa8000000-7fcfa81bc000 rw-p 00000000 00:00 0 
7fcfa81bc000-7fcfac000000 ---p 00000000 00:00 0 
7fcfac000000-7fcfac021000 rw-p 00000000 00:00 0 
7fcfac021000-7fcfb0000000 ---p 00000000 00:00 0 
7fcfb0000000-7fcfb0103000 rw-p 00000000 00:00 0 
7fcfb0103000-7fcfb4000000 ---p 00000000 00:00 0 
7fcfb4000000-7fcfb4021000 rw-p 00000000 00:00 0 
7fcfb4021000-7fcfb8000000 ---p 00000000 00:00 0 
7fcfb8000000-7fcfb8021000 rw-p 00000000 00:00 0 
7fcfb8021000-7fcfbc000000 ---p 00000000 00:00 0 
7fcfbc000000-7fcfbc28c000 rw-p 00000000 00:00 0 
7fcfbc28c000-7fcfc0000000 ---p 00000000 00:00 0 
7fcfc0050000-7fcfc0067000 r-xp 00000000 08:04 282874                     /tmp/jna-insou/jna1089271384646716378.tmp (deleted)
7fcfc0067000-7fcfc0267000 ---p 00017000 08:04 282874                     /tmp/jna-insou/jna1089271384646716378.tmp (deleted)
7fcfc0267000-7fcfc0268000 r--p 00017000 08:04 282874                     /tmp/jna-insou/jna1089271384646716378.tmp (deleted)
7fcfc0268000-7fcfc0269000 rw-p 00018000 08:04 282874                     /tmp/jna-insou/jna1089271384646716378.tmp (deleted)
7fcfc0269000-7fcfc026e000 r-xp 00000000 08:04 403121                     /usr/lib/x86_64-linux-gnu/libXdmcp.so.6.0.0
7fcfc026e000-7fcfc046d000 ---p 00005000 08:04 403121                     /usr/lib/x86_64-linux-gnu/libXdmcp.so.6.0.0
7fcfc046d000-7fcfc046e000 r--p 00004000 08:04 403121                     /usr/lib/x86_64-linux-gnu/libXdmcp.so.6.0.0
7fcfc046e000-7fcfc046f000 rw-p 00005000 08:04 403121                     /usr/lib/x86_64-linux-gnu/libXdmcp.so.6.0.0
7fcfc046f000-7fcfc0471000 r-xp 00000000 08:04 403110                     /usr/lib/x86_64-linux-gnu/libXau.so.6.0.0
7fcfc0471000-7fcfc0671000 ---p 00002000 08:04 403110                     /usr/lib/x86_64-linux-gnu/libXau.so.6.0.0
7fcfc0671000-7fcfc0672000 r--p 00002000 08:04 403110                     /usr/lib/x86_64-linux-gnu/libXau.so.6.0.0
7fcfc0672000-7fcfc0673000 rw-p 00003000 08:04 403110                     /usr/lib/x86_64-linux-gnu/libXau.so.6.0.0
7fcfc0673000-7fcfc0694000 r-xp 00000000 08:04 404488                     /usr/lib/x86_64-linux-gnu/libxcb.so.1.1.0
7fcfc0694000-7fcfc0893000 ---p 00021000 08:04 404488                     /usr/lib/x86_64-linux-gnu/libxcb.so.1.1.0
7fcfc0893000-7fcfc0894000 r--p 00020000 08:04 404488                     /usr/lib/x86_64-linux-gnu/libxcb.so.1.1.0
7fcfc0894000-7fcfc0895000 rw-p 00021000 08:04 404488                     /usr/lib/x86_64-linux-gnu/libxcb.so.1.1.0
7fcfc0895000-7fcfc08a4000 r-xp 00000000 08:04 403131                     /usr/lib/x86_64-linux-gnu/libXi.so.6.1.0
7fcfc08a4000-7fcfc0aa3000 ---p 0000f000 08:04 403131                     /usr/lib/x86_64-linux-gnu/libXi.so.6.1.0
7fcfc0aa3000-7fcfc0aa4000 r--p 0000e000 08:04 403131                     /usr/lib/x86_64-linux-gnu/libXi.so.6.1.0
7fcfc0aa4000-7fcfc0aa5000 rw-p 0000f000 08:04 403131                     /usr/lib/x86_64-linux-gnu/libXi.so.6.1.0
7fcfc0aa5000-7fcfc0aaa000 r-xp 00000000 08:04 403149                     /usr/lib/x86_64-linux-gnu/libXtst.so.6.1.0
7fcfc0aaa000-7fcfc0ca9000 ---p 00005000 08:04 403149                     /usr/lib/x86_64-linux-gnu/libXtst.so.6.1.0
7fcfc0ca9000-7fcfc0caa000 r--p 00004000 08:04 403149                     /usr/lib/x86_64-linux-gnu/libXtst.so.6.1.0
7fcfc0caa000-7fcfc0cab000 rw-p 00005000 08:04 403149                     /usr/lib/x86_64-linux-gnu/libXtst.so.6.1.0
7fcfc0cab000-7fcfc0cb4000 r-xp 00000000 08:04 403143                     /usr/lib/x86_64-linux-gnu/libXrender.so.1.3.0
7fcfc0cb4000-7fcfc0eb3000 ---p 00009000 08:04 403143                     /usr/lib/x86_64-linux-gnu/libXrender.so.1.3.0
7fcfc0eb3000-7fcfc0eb4000 r--p 00008000 08:04 403143                     /usr/lib/x86_64-linux-gnu/libXrender.so.1.3.0
7fcfc0eb4000-7fcfc0eb5000 rw-p 00009000 08:04 403143                     /usr/lib/x86_64-linux-gnu/libXrender.so.1.3.0
7fcfc0eb5000-7fcfc0fea000 r-xp 00000000 08:04 403106                     /usr/lib/x86_64-linux-gnu/libX11.so.6.3.0
7fcfc0fea000-7fcfc11ea000 ---p 00135000 08:04 403106                     /usr/lib/x86_64-linux-gnu/libX11.so.6.3.0
7fcfc11ea000-7fcfc11eb000 r--p 00135000 08:04 403106                     /usr/lib/x86_64-linux-gnu/libX11.so.6.3.0
7fcfc11eb000-7fcfc11ef000 rw-p 00136000 08:04 403106                     /usr/lib/x86_64-linux-gnu/libX11.so.6.3.0
7fcfc11ef000-7fcfc1200000 r-xp 00000000 08:04 403123                     /usr/lib/x86_64-linux-gnu/libXext.so.6.4.0
7fcfc1200000-7fcfc13ff000 ---p 00011000 08:04 403123                     /usr/lib/x86_64-linux-gnu/libXext.so.6.4.0
7fcfc13ff000-7fcfc1400000 r--p 00010000 08:04 403123                     /usr/lib/x86_64-linux-gnu/libXext.so.6.4.0
7fcfc1400000-7fcfc1401000 rw-p 00011000 08:04 403123                     /usr/lib/x86_64-linux-gnu/libXext.so.6.4.0
7fcfc1401000-7fcfc1455000 r-xp 00000000 08:04 407157                     /usr/lib/jvm/java-8-oracle/jre/lib/amd64/libawt_xawt.so
7fcfc1455000-7fcfc1655000 ---p 00054000 08:04 407157                     /usr/lib/jvm/java-8-oracle/jre/lib/amd64/libawt_xawt.so
7fcfc1655000-7fcfc1659000 rw-p 00054000 08:04 407157                     /usr/lib/jvm/java-8-oracle/jre/lib/amd64/libawt_xawt.so
7fcfc1659000-7fcfc165a000 rw-p 00000000 00:00 0 
7fcfc165a000-7fcfc16fc000 r-xp 00000000 08:04 407143                     /usr/lib/jvm/java-8-oracle/jre/lib/amd64/libawt.so
7fcfc16fc000-7fcfc18fc000 ---p 000a2000 08:04 407143                     /usr/lib/jvm/java-8-oracle/jre/lib/amd64/libawt.so
7fcfc18fc000-7fcfc1908000 rw-p 000a2000 08:04 407143                     /usr/lib/jvm/java-8-oracle/jre/lib/amd64/libawt.so
7fcfc1908000-7fcfc192c000 rw-p 00000000 00:00 0 
7fcfc192c000-7fcfc192f000 ---p 00000000 00:00 0 
7fcfc192f000-7fcfc1a2d000 rw-p 00000000 00:00 0 
7fcfc1a2d000-7fcfc1a2f000 r-xp 00000000 08:04 282871                     /tmp/libjansi-64-8350861287637484652.so
7fcfc1a2f000-7fcfc1c2e000 ---p 00002000 08:04 282871                     /tmp/libjansi-64-8350861287637484652.so
7fcfc1c2e000-7fcfc1c2f000 rw-p 00001000 08:04 282871                     /tmp/libjansi-64-8350861287637484652.so
7fcfc1c2f000-7fcfc1c30000 ---p 00000000 00:00 0 
7fcfc1c30000-7fcfc1d30000 rw-p 00000000 00:00 0 
7fcfc1d30000-7fcfc1d33000 ---p 00000000 00:00 0 
7fcfc1d33000-7fcfc1e31000 rw-p 00000000 00:00 0 
7fcfc1e31000-7fcfc1e34000 ---p 00000000 00:00 0 
7fcfc1e34000-7fcfc1f32000 rw-p 00000000 00:00 0 
7fcfc1f32000-7fcfc1f35000 ---p 00000000 00:00 0 
7fcfc1f35000-7fcfc2033000 rw-p 00000000 00:00 0 
7fcfc2033000-7fcfc2036000 ---p 00000000 00:00 0 
7fcfc2036000-7fcfc2134000 rw-p 00000000 00:00 0 
7fcfc2134000-7fcfc2137000 ---p 00000000 00:00 0 
7fcfc2137000-7fcfc2235000 rw-p 00000000 00:00 0 
7fcfc2235000-7fcfc2bf4000 r--p 00000000 08:04 401568                     /usr/lib/locale/locale-archive
7fcfc2bf4000-7fcfc2bf7000 ---p 00000000 00:00 0 
7fcfc2bf7000-7fcfc2cf5000 rw-p 00000000 00:00 0 
7fcfc2cf5000-7fcfc2cf8000 ---p 00000000 00:00 0 
7fcfc2cf8000-7fcfc2df6000 rw-p 00000000 00:00 0 
7fcfc2df6000-7fcfc2df7000 ---p 00000000 00:00 0 
7fcfc2df7000-7fcfc3d80000 rw-p 00000000 00:00 0 
7fcfc3d80000-7fcfc4000000 ---p 00000000 00:00 0 
7fcfc4000000-7fcfc4021000 rw-p 00000000 00:00 0 
7fcfc4021000-7fcfc8000000 ---p 00000000 00:00 0 
7fcfc8000000-7fcfc8021000 rw-p 00000000 00:00 0 
7fcfc8021000-7fcfcc000000 ---p 00000000 00:00 0 
7fcfcc000000-7fcfcc021000 rw-p 00000000 00:00 0 
7fcfcc021000-7fcfd0000000 ---p 00000000 00:00 0 
7fcfd005e000-7fcfd4000000 rw-p 00000000 00:00 0 
7fcfd4000000-7fcfd4021000 rw-p 00000000 00:00 0 
7fcfd4021000-7fcfd8000000 ---p 00000000 00:00 0 
7fcfd807b000-7fcfd807e000 ---p 00000000 00:00 0 
7fcfd807e000-7fcfd84b8000 rw-p 00000000 00:00 0 
7fcfd84b8000-7fcfd8691000 r--s 03d1f000 08:04 406944                     /usr/lib/jvm/java-8-oracle/jre/lib/rt.jar
7fcfd8691000-7fcfd8a6b000 rw-p 00000000 00:00 0 
7fcfd8a6b000-7fcfd8a6c000 ---p 00000000 00:00 0 
7fcfd8a6c000-7fcfd8b6c000 rw-p 00000000 00:00 0 
7fcfd8b6c000-7fcfd8b6d000 ---p 00000000 00:00 0 
7fcfd8b6d000-7fcfd8c6d000 rw-p 00000000 00:00 0 
7fcfd8c6d000-7fcfd8c6e000 ---p 00000000 00:00 0 
7fcfd8c6e000-7fcfd8d98000 rw-p 00000000 00:00 0 
7fcfd8d98000-7fcfd9000000 ---p 00000000 00:00 0 
7fcfd9000000-7fcfd9270000 rwxp 00000000 00:00 0 
7fcfd9270000-7fcfe8000000 ---p 00000000 00:00 0 
7fcfe8000000-7fcfe82a4000 rw-p 00000000 00:00 0 
7fcfe82a4000-7fcfec000000 ---p 00000000 00:00 0 
7fcfec027000-7fcfec09d000 rw-p 00000000 00:00 0 
7fcfec09d000-7fcfec09e000 ---p 00000000 00:00 0 
7fcfec09e000-7fcfec1c8000 rw-p 00000000 00:00 0 
7fcfec1c8000-7fcfec42f000 ---p 00000000 00:00 0 
7fcfec42f000-7fcfec4ad000 rw-p 00000000 00:00 0 
7fcfec4ad000-7fcfec578000 ---p 00000000 00:00 0 
7fcfec578000-7fcfec583000 rw-p 00000000 00:00 0 
7fcfec583000-7fcfec939000 ---p 00000000 00:00 0 
7fcfec939000-7fcfec953000 r-xp 00000000 08:04 407146                     /usr/lib/jvm/java-8-oracle/jre/lib/amd64/libzip.so
7fcfec953000-7fcfecb53000 ---p 0001a000 08:04 407146                     /usr/lib/jvm/java-8-oracle/jre/lib/amd64/libzip.so
7fcfecb53000-7fcfecb54000 rw-p 0001a000 08:04 407146                     /usr/lib/jvm/java-8-oracle/jre/lib/amd64/libzip.so
7fcfecb54000-7fcfecb5f000 r-xp 00000000 08:04 1444406                    /lib/x86_64-linux-gnu/libnss_files-2.23.so
7fcfecb5f000-7fcfecd5e000 ---p 0000b000 08:04 1444406                    /lib/x86_64-linux-gnu/libnss_files-2.23.so
7fcfecd5e000-7fcfecd5f000 r--p 0000a000 08:04 1444406                    /lib/x86_64-linux-gnu/libnss_files-2.23.so
7fcfecd5f000-7fcfecd60000 rw-p 0000b000 08:04 1444406                    /lib/x86_64-linux-gnu/libnss_files-2.23.so
7fcfecd60000-7fcfecd66000 rw-p 00000000 00:00 0 
7fcfecd66000-7fcfecd71000 r-xp 00000000 08:04 1444416                    /lib/x86_64-linux-gnu/libnss_nis-2.23.so
7fcfecd71000-7fcfecf70000 ---p 0000b000 08:04 1444416                    /lib/x86_64-linux-gnu/libnss_nis-2.23.so
7fcfecf70000-7fcfecf71000 r--p 0000a000 08:04 1444416                    /lib/x86_64-linux-gnu/libnss_nis-2.23.so
7fcfecf71000-7fcfecf72000 rw-p 0000b000 08:04 1444416                    /lib/x86_64-linux-gnu/libnss_nis-2.23.so
7fcfecf72000-7fcfecf88000 r-xp 00000000 08:04 1444400                    /lib/x86_64-linux-gnu/libnsl-2.23.so
7fcfecf88000-7fcfed187000 ---p 00016000 08:04 1444400                    /lib/x86_64-linux-gnu/libnsl-2.23.so
7fcfed187000-7fcfed188000 r--p 00015000 08:04 1444400                    /lib/x86_64-linux-gnu/libnsl-2.23.so
7fcfed188000-7fcfed189000 rw-p 00016000 08:04 1444400                    /lib/x86_64-linux-gnu/libnsl-2.23.so
7fcfed189000-7fcfed18b000 rw-p 00000000 00:00 0 
7fcfed18b000-7fcfed193000 r-xp 00000000 08:04 1444402                    /lib/x86_64-linux-gnu/libnss_compat-2.23.so
7fcfed193000-7fcfed392000 ---p 00008000 08:04 1444402                    /lib/x86_64-linux-gnu/libnss_compat-2.23.so
7fcfed392000-7fcfed393000 r--p 00007000 08:04 1444402                    /lib/x86_64-linux-gnu/libnss_compat-2.23.so
7fcfed393000-7fcfed394000 rw-p 00008000 08:04 1444402                    /lib/x86_64-linux-gnu/libnss_compat-2.23.so
7fcfed394000-7fcfed3be000 r-xp 00000000 08:04 407141                     /usr/lib/jvm/java-8-oracle/jre/lib/amd64/libjava.so
7fcfed3be000-7fcfed5be000 ---p 0002a000 08:04 407141                     /usr/lib/jvm/java-8-oracle/jre/lib/amd64/libjava.so
7fcfed5be000-7fcfed5c0000 rw-p 0002a000 08:04 407141                     /usr/lib/jvm/java-8-oracle/jre/lib/amd64/libjava.so
7fcfed5c0000-7fcfed5cd000 r-xp 00000000 08:04 407145                     /usr/lib/jvm/java-8-oracle/jre/lib/amd64/libverify.so
7fcfed5cd000-7fcfed7cd000 ---p 0000d000 08:04 407145                     /usr/lib/jvm/java-8-oracle/jre/lib/amd64/libverify.so
7fcfed7cd000-7fcfed7cf000 rw-p 0000d000 08:04 407145                     /usr/lib/jvm/java-8-oracle/jre/lib/amd64/libverify.so
7fcfed7cf000-7fcfed7d6000 r-xp 00000000 08:04 1444461                    /lib/x86_64-linux-gnu/librt-2.23.so
7fcfed7d6000-7fcfed9d5000 ---p 00007000 08:04 1444461                    /lib/x86_64-linux-gnu/librt-2.23.so
7fcfed9d5000-7fcfed9d6000 r--p 00006000 08:04 1444461                    /lib/x86_64-linux-gnu/librt-2.23.so
7fcfed9d6000-7fcfed9d7000 rw-p 00007000 08:04 1444461                    /lib/x86_64-linux-gnu/librt-2.23.so
7fcfed9d7000-7fcfedadf000 r-xp 00000000 08:04 1444377                    /lib/x86_64-linux-gnu/libm-2.23.so
7fcfedadf000-7fcfedcde000 ---p 00108000 08:04 1444377                    /lib/x86_64-linux-gnu/libm-2.23.so
7fcfedcde000-7fcfedcdf000 r--p 00107000 08:04 1444377                    /lib/x86_64-linux-gnu/libm-2.23.so
7fcfedcdf000-7fcfedce0000 rw-p 00108000 08:04 1444377                    /lib/x86_64-linux-gnu/libm-2.23.so
7fcfedce0000-7fcfee9a0000 r-xp 00000000 08:04 407124                     /usr/lib/jvm/java-8-oracle/jre/lib/amd64/server/libjvm.so
7fcfee9a0000-7fcfeeba0000 ---p 00cc0000 08:04 407124                     /usr/lib/jvm/java-8-oracle/jre/lib/amd64/server/libjvm.so
7fcfeeba0000-7fcfeec78000 rw-p 00cc0000 08:04 407124                     /usr/lib/jvm/java-8-oracle/jre/lib/amd64/server/libjvm.so
7fcfeec78000-7fcfeecc3000 rw-p 00000000 00:00 0 
7fcfeecc3000-7fcfeee83000 r-xp 00000000 08:04 1444307                    /lib/x86_64-linux-gnu/libc-2.23.so
7fcfeee83000-7fcfef082000 ---p 001c0000 08:04 1444307                    /lib/x86_64-linux-gnu/libc-2.23.so
7fcfef082000-7fcfef086000 r--p 001bf000 08:04 1444307                    /lib/x86_64-linux-gnu/libc-2.23.so
7fcfef086000-7fcfef088000 rw-p 001c3000 08:04 1444307                    /lib/x86_64-linux-gnu/libc-2.23.so
7fcfef088000-7fcfef08c000 rw-p 00000000 00:00 0 
7fcfef08c000-7fcfef08f000 r-xp 00000000 08:04 1444331                    /lib/x86_64-linux-gnu/libdl-2.23.so
7fcfef08f000-7fcfef28e000 ---p 00003000 08:04 1444331                    /lib/x86_64-linux-gnu/libdl-2.23.so
7fcfef28e000-7fcfef28f000 r--p 00002000 08:04 1444331                    /lib/x86_64-linux-gnu/libdl-2.23.so
7fcfef28f000-7fcfef290000 rw-p 00003000 08:04 1444331                    /lib/x86_64-linux-gnu/libdl-2.23.so
7fcfef290000-7fcfef2a5000 r-xp 00000000 08:04 407119                     /usr/lib/jvm/java-8-oracle/jre/lib/amd64/jli/libjli.so
7fcfef2a5000-7fcfef4a5000 ---p 00015000 08:04 407119                     /usr/lib/jvm/java-8-oracle/jre/lib/amd64/jli/libjli.so
7fcfef4a5000-7fcfef4a6000 rw-p 00015000 08:04 407119                     /usr/lib/jvm/java-8-oracle/jre/lib/amd64/jli/libjli.so
7fcfef4a6000-7fcfef4be000 r-xp 00000000 08:04 1444453                    /lib/x86_64-linux-gnu/libpthread-2.23.so
7fcfef4be000-7fcfef6bd000 ---p 00018000 08:04 1444453                    /lib/x86_64-linux-gnu/libpthread-2.23.so
7fcfef6bd000-7fcfef6be000 r--p 00017000 08:04 1444453                    /lib/x86_64-linux-gnu/libpthread-2.23.so
7fcfef6be000-7fcfef6bf000 rw-p 00018000 08:04 1444453                    /lib/x86_64-linux-gnu/libpthread-2.23.so
7fcfef6bf000-7fcfef6c3000 rw-p 00000000 00:00 0 
7fcfef6c3000-7fcfef6e9000 r-xp 00000000 08:04 1444279                    /lib/x86_64-linux-gnu/ld-2.23.so
7fcfef6ef000-7fcfef7c0000 rw-p 00000000 00:00 0 
7fcfef7c0000-7fcfef7c3000 ---p 00000000 00:00 0 
7fcfef7c3000-7fcfef8c5000 rw-p 00000000 00:00 0 
7fcfef8cb000-7fcfef8cc000 r--p 00000000 08:04 669149                     /usr/share/locale-langpack/en_AU/LC_MESSAGES/libc.mo
7fcfef8cc000-7fcfef8d2000 r--s 002f8000 08:04 406942                     /usr/lib/jvm/java-8-oracle/jre/lib/charsets.jar
7fcfef8d2000-7fcfef8d6000 r--s 00097000 08:04 406996                     /usr/lib/jvm/java-8-oracle/jre/lib/jsse.jar
7fcfef8d6000-7fcfef8dc000 r--s 000d1000 08:04 1580343                    /home/insou/IdeaProjects/GameM/target/GameM v1.0-SNAPSHOT.jar
7fcfef8dc000-7fcfef8e4000 rw-s 00000000 08:04 282870                     /tmp/hsperfdata_insou/29011
7fcfef8e4000-7fcfef8e5000 rw-p 00000000 00:00 0 
7fcfef8e5000-7fcfef8e6000 ---p 00000000 00:00 0 
7fcfef8e6000-7fcfef8e8000 rw-p 00000000 00:00 0 
7fcfef8e8000-7fcfef8e9000 r--p 00025000 08:04 1444279                    /lib/x86_64-linux-gnu/ld-2.23.so
7fcfef8e9000-7fcfef8ea000 rw-p 00026000 08:04 1444279                    /lib/x86_64-linux-gnu/ld-2.23.so
7fcfef8ea000-7fcfef8eb000 rw-p 00000000 00:00 0 
7ffda476f000-7ffda4790000 rw-p 00000000 00:00 0                          [stack]
7ffda47d4000-7ffda47d6000 r--p 00000000 00:00 0                          [vvar]
7ffda47d6000-7ffda47d8000 r-xp 00000000 00:00 0                          [vdso]
ffffffffff600000-ffffffffff601000 r-xp 00000000 00:00 0                  [vsyscall]

VM Arguments:
java_command: GameM v1.0-SNAPSHOT.jar
java_class_path (initial): GameM v1.0-SNAPSHOT.jar
Launcher Type: SUN_STANDARD

Environment Variables:
JAVA_HOME=/usr/lib/jvm/java-8-oracle
PATH=/usr/local/sbin:/usr/local/bin:/usr/sbin:/usr/bin:/sbin:/bin:/usr/games:/usr/local/games:/snap/bin:/usr/lib/jvm/java-8-oracle/bin:/usr/lib/jvm/java-8-oracle/db/bin:/usr/lib/jvm/java-8-oracle/jre/bin
SHELL=/bin/bash
DISPLAY=:0

Signal Handlers:
SIGSEGV: [libjvm.so+0xabca10], sa_mask[0]=11111111011111111101111111111110, sa_flags=SA_RESTART|SA_SIGINFO
SIGBUS: [libjvm.so+0xabca10], sa_mask[0]=11111111011111111101111111111110, sa_flags=SA_RESTART|SA_SIGINFO
SIGFPE: [libjvm.so+0x919a20], sa_mask[0]=11111111011111111101111111111110, sa_flags=SA_RESTART|SA_SIGINFO
SIGPIPE: [libjvm.so+0x919a20], sa_mask[0]=11111111011111111101111111111110, sa_flags=SA_RESTART|SA_SIGINFO
SIGXFSZ: [libjvm.so+0x919a20], sa_mask[0]=11111111011111111101111111111110, sa_flags=SA_RESTART|SA_SIGINFO
SIGILL: [libjvm.so+0x919a20], sa_mask[0]=11111111011111111101111111111110, sa_flags=SA_RESTART|SA_SIGINFO
SIGUSR1: SIG_DFL, sa_mask[0]=00000000000000000000000000000000, sa_flags=none
SIGUSR2: [libjvm.so+0x91b050], sa_mask[0]=00000000000000000000000000000000, sa_flags=SA_RESTART|SA_SIGINFO
SIGHUP: [libjvm.so+0x91c450], sa_mask[0]=11111111011111111101111111111110, sa_flags=SA_RESTART|SA_SIGINFO
SIGINT: [libjvm.so+0x91c450], sa_mask[0]=11111111011111111101111111111110, sa_flags=SA_RESTART|SA_SIGINFO
SIGTERM: [libjvm.so+0x91c450], sa_mask[0]=11111111011111111101111111111110, sa_flags=SA_RESTART|SA_SIGINFO
SIGQUIT: [libjvm.so+0x91c450], sa_mask[0]=11111111011111111101111111111110, sa_flags=SA_RESTART|SA_SIGINFO


---------------  S Y S T E M  ---------------

OS:DISTRIB_ID=Ubuntu
DISTRIB_RELEASE=16.04
DISTRIB_CODENAME=xenial
DISTRIB_DESCRIPTION="Ubuntu 16.04 LTS"

uname:Linux 4.4.0-22-generic #39-Ubuntu SMP Thu May 5 16:53:32 UTC 2016 x86_64
libc:glibc 2.23 NPTL 2.23 
rlimit: STACK 8192k, CORE 0k, NPROC 29901, NOFILE 65536, AS infinity
load average:0.68 0.62 0.74

/proc/meminfo:
MemTotal:        8075224 kB
MemFree:           53380 kB
MemAvailable:     217312 kB
Buffers:           10716 kB
Cached:          1541680 kB
SwapCached:            0 kB
Active:          6412764 kB
Inactive:        1342844 kB
Active(anon):    6316876 kB
Inactive(anon):  1271432 kB
Active(file):      95888 kB
Inactive(file):    71412 kB
Unevictable:        3404 kB
Mlocked:            3404 kB
SwapTotal:             0 kB
SwapFree:              0 kB
Dirty:                72 kB
Writeback:             0 kB
AnonPages:       6207156 kB
Mapped:           578892 kB
Shmem:           1384600 kB
Slab:             108636 kB
SReclaimable:      38944 kB
SUnreclaim:        69692 kB
KernelStack:       16208 kB
PageTables:        77700 kB
NFS_Unstable:          0 kB
Bounce:                0 kB
WritebackTmp:          0 kB
CommitLimit:     4037612 kB
Committed_AS:   17248032 kB
VmallocTotal:   34359738367 kB
VmallocUsed:           0 kB
VmallocChunk:          0 kB
HardwareCorrupted:     0 kB
AnonHugePages:   2269184 kB
CmaTotal:              0 kB
CmaFree:               0 kB
HugePages_Total:       0
HugePages_Free:        0
HugePages_Rsvd:        0
HugePages_Surp:        0
Hugepagesize:       2048 kB
DirectMap4k:      260916 kB
DirectMap2M:     6979584 kB
DirectMap1G:     1048576 kB


CPU:total 4 (2 cores per cpu, 2 threads per core) family 6 model 61 stepping 4, cmov, cx8, fxsr, mmx, sse, sse2, sse3, ssse3, sse4.1, sse4.2, popcnt, avx, avx2, aes, clmul, erms, 3dnowpref, lzcnt, ht, tsc, tscinvbit, bmi1, bmi2, adx

/proc/cpuinfo:
processor	: 0
vendor_id	: GenuineIntel
cpu family	: 6
model		: 61
model name	: Intel(R) Core(TM) i7-5557U CPU @ 3.10GHz
stepping	: 4
microcode	: 0x21
cpu MHz		: 3391.714
cache size	: 4096 KB
physical id	: 0
siblings	: 4
core id		: 0
cpu cores	: 2
apicid		: 0
initial apicid	: 0
fpu		: yes
fpu_exception	: yes
cpuid level	: 20
wp		: yes
flags		: fpu vme de pse tsc msr pae mce cx8 apic sep mtrr pge mca cmov pat pse36 clflush dts acpi mmx fxsr sse sse2 ss ht tm pbe syscall nx pdpe1gb rdtscp lm constant_tsc arch_perfmon pebs bts rep_good nopl xtopology nonstop_tsc aperfmperf eagerfpu pni pclmulqdq dtes64 monitor ds_cpl vmx est tm2 ssse3 sdbg fma cx16 xtpr pdcm pcid sse4_1 sse4_2 x2apic movbe popcnt tsc_deadline_timer aes xsave avx f16c rdrand lahf_lm abm 3dnowprefetch epb intel_pt tpr_shadow vnmi flexpriority ept vpid fsgsbase tsc_adjust bmi1 avx2 smep bmi2 erms invpcid rdseed adx smap xsaveopt dtherm ida arat pln pts
bugs		:
bogomips	: 6199.39
clflush size	: 64
cache_alignment	: 64
address sizes	: 39 bits physical, 48 bits virtual
power management:

processor	: 1
vendor_id	: GenuineIntel
cpu family	: 6
model		: 61
model name	: Intel(R) Core(TM) i7-5557U CPU @ 3.10GHz
stepping	: 4
microcode	: 0x21
cpu MHz		: 3375.851
cache size	: 4096 KB
physical id	: 0
siblings	: 4
core id		: 1
cpu cores	: 2
apicid		: 2
initial apicid	: 2
fpu		: yes
fpu_exception	: yes
cpuid level	: 20
wp		: yes
flags		: fpu vme de pse tsc msr pae mce cx8 apic sep mtrr pge mca cmov pat pse36 clflush dts acpi mmx fxsr sse sse2 ss ht tm pbe syscall nx pdpe1gb rdtscp lm constant_tsc arch_perfmon pebs bts rep_good nopl xtopology nonstop_tsc aperfmperf eagerfpu pni pclmulqdq dtes64 monitor ds_cpl vmx est tm2 ssse3 sdbg fma cx16 xtpr pdcm pcid sse4_1 sse4_2 x2apic movbe popcnt tsc_deadline_timer aes xsave avx f16c rdrand lahf_lm abm 3dnowprefetch epb intel_pt tpr_shadow vnmi flexpriority ept vpid fsgsbase tsc_adjust bmi1 avx2 smep bmi2 erms invpcid rdseed adx smap xsaveopt dtherm ida arat pln pts
bugs		:
bogomips	: 6199.39
clflush size	: 64
cache_alignment	: 64
address sizes	: 39 bits physical, 48 bits virtual
power management:

processor	: 2
vendor_id	: GenuineIntel
cpu family	: 6
model		: 61
model name	: Intel(R) Core(TM) i7-5557U CPU @ 3.10GHz
stepping	: 4
microcode	: 0x21
cpu MHz		: 3399.464
cache size	: 4096 KB
physical id	: 0
siblings	: 4
core id		: 0
cpu cores	: 2
apicid		: 1
initial apicid	: 1
fpu		: yes
fpu_exception	: yes
cpuid level	: 20
wp		: yes
flags		: fpu vme de pse tsc msr pae mce cx8 apic sep mtrr pge mca cmov pat pse36 clflush dts acpi mmx fxsr sse sse2 ss ht tm pbe syscall nx pdpe1gb rdtscp lm constant_tsc arch_perfmon pebs bts rep_good nopl xtopology nonstop_tsc aperfmperf eagerfpu pni pclmulqdq dtes64 monitor ds_cpl vmx est tm2 ssse3 sdbg fma cx16 xtpr pdcm pcid sse4_1 sse4_2 x2apic movbe popcnt tsc_deadline_timer aes xsave avx f16c rdrand lahf_lm abm 3dnowprefetch epb intel_pt tpr_shadow vnmi flexpriority ept vpid fsgsbase tsc_adjust bmi1 avx2 smep bmi2 erms invpcid rdseed adx smap xsaveopt dtherm ida arat pln pts
bugs		:
bogomips	: 6199.39
clflush size	: 64
cache_alignment	: 64
address sizes	: 39 bits physical, 48 bits virtual
power management:

processor	: 3
vendor_id	: GenuineIntel
cpu family	: 6
model		: 61
model name	: Intel(R) Core(TM) i7-5557U CPU @ 3.10GHz
stepping	: 4
microcode	: 0x21
cpu MHz		: 3391.593
cache size	: 4096 KB
physical id	: 0
siblings	: 4
core id		: 1
cpu cores	: 2
apicid		: 3
initial apicid	: 3
fpu		: yes
fpu_exception	: yes
cpuid level	: 20
wp		: yes
flags		: fpu vme de pse tsc msr pae mce cx8 apic sep mtrr pge mca cmov pat pse36 clflush dts acpi mmx fxsr sse sse2 ss ht tm pbe syscall nx pdpe1gb rdtscp lm constant_tsc arch_perfmon pebs bts rep_good nopl xtopology nonstop_tsc aperfmperf eagerfpu pni pclmulqdq dtes64 monitor ds_cpl vmx est tm2 ssse3 sdbg fma cx16 xtpr pdcm pcid sse4_1 sse4_2 x2apic movbe popcnt tsc_deadline_timer aes xsave avx f16c rdrand lahf_lm abm 3dnowprefetch epb intel_pt tpr_shadow vnmi flexpriority ept vpid fsgsbase tsc_adjust bmi1 avx2 smep bmi2 erms invpcid rdseed adx smap xsaveopt dtherm ida arat pln pts
bugs		:
bogomips	: 6199.39
clflush size	: 64
cache_alignment	: 64
address sizes	: 39 bits physical, 48 bits virtual
power management:



Memory: 4k page, physical 8075224k(53380k free), swap 0k(0k free)

vm_info: Java HotSpot(TM) 64-Bit Server VM (25.91-b14) for linux-amd64 JRE (1.8.0_91-b14), built on Apr  1 2016 00:57:21 by "java_re" with gcc 4.3.0 20080428 (Red Hat 4.3.0-8)

time: Sun May 15 19:19:17 2016
elapsed time: 1 seconds (0d 0h 0m 1s)

